# JRE version: OpenJDK Runtime Environment (8.0_76-b03) (build 1.8.0_76-release-b03)
# Java VM: OpenJDK 64-Bit Server VM (25.76-b03 mixed mode windows-amd64 compressed oops)
Heap:
 PSYoungGen      total 393216K, used 145907K [0x00000000d5580000, 0x0000000100000000, 0x0000000100000000)
  eden space 247296K, 0% used [0x00000000d5580000,0x00000000d5580000,0x00000000e4700000)
  from space 145920K, 99% used [0x00000000f7180000,0x00000000ffffccc8,0x0000000100000000)
  to   space 225792K, 0% used [0x00000000e4700000,0x00000000e4700000,0x00000000f2380000)
 ParOldGen       total 618496K, used 595895K [0x0000000080000000, 0x00000000a5c00000, 0x00000000d5580000)
  object space 618496K, 96% used [0x0000000080000000,0x00000000a45edcc0,0x00000000a5c00000)
 Metaspace       used 6628K, capacity 7280K, committed 7552K, reserved 1056768K
  class space    used 600K, capacity 616K, committed 640K, reserved 1048576K
GC Heap History (10 events):
Event: 27.197 GC heap after
Heap after GC invocations=21 (full 4):
 PSYoungGen      total 501248K, used 63896K [0x00000000d5580000, 0x00000000fe000000, 0x0000000100000000)
  eden space 389632K, 0% used [0x00000000d5580000,0x00000000d5580000,0x00000000ed200000)
  from space 111616K, 57% used [0x00000000ed200000,0x00000000f10660a0,0x00000000f3f00000)
  to   space 113152K, 0% used [0x00000000f7180000,0x00000000f7180000,0x00000000fe000000)
 ParOldGen       total 419328K, used 373262K [0x0000000080000000, 0x0000000099980000, 0x00000000d5580000)
  object space 419328K, 89% used [0x0000000080000000,0x0000000096c83950,0x0000000099980000)
 Metaspace       used 6617K, capacity 7280K, committed 7552K, reserved 1056768K
  class space    used 599K, capacity 616K, committed 640K, reserved 1048576K
}
Event: 27.197 GC heap before
{Heap before GC invocations=22 (full 5):
 PSYoungGen      total 501248K, used 63896K [0x00000000d5580000, 0x00000000fe000000, 0x0000000100000000)
  eden space 389632K, 0% used [0x00000000d5580000,0x00000000d5580000,0x00000000ed200000)
  from space 111616K, 57% used [0x00000000ed200000,0x00000000f10660a0,0x00000000f3f00000)
  to   space 113152K, 0% used [0x00000000f7180000,0x00000000f7180000,0x00000000fe000000)
 ParOldGen       total 419328K, used 373262K [0x0000000080000000, 0x0000000099980000, 0x00000000d5580000)
  object space 419328K, 89% used [0x0000000080000000,0x0000000096c83950,0x0000000099980000)
 Metaspace       used 6617K, capacity 7280K, committed 7552K, reserved 1056768K
  class space    used 599K, capacity 616K, committed 640K, reserved 1048576K
Event: 30.276 GC heap after
Heap after GC invocations=22 (full 5):
 PSYoungGen      total 501248K, used 15998K [0x00000000d5580000, 0x00000000fe000000, 0x0000000100000000)
  eden space 389632K, 0% used [0x00000000d5580000,0x00000000d5580000,0x00000000ed200000)
  from space 111616K, 14% used [0x00000000ed200000,0x00000000ee19faa8,0x00000000f3f00000)
  to   space 113152K, 0% used [0x00000000f7180000,0x00000000f7180000,0x00000000fe000000)
 ParOldGen       total 618496K, used 418954K [0x0000000080000000, 0x00000000a5c00000, 0x00000000d5580000)
  object space 618496K, 67% used [0x0000000080000000,0x0000000099922b68,0x00000000a5c00000)
 Metaspace       used 6617K, capacity 7280K, committed 7552K, reserved 1056768K
  class space    used 599K, capacity 616K, committed 640K, reserved 1048576K
}
Event: 36.442 GC heap before
{Heap before GC invocations=23 (full 5):
 PSYoungGen      total 501248K, used 405630K [0x00000000d5580000, 0x00000000fe000000, 0x0000000100000000)
  eden space 389632K, 100% used [0x00000000d5580000,0x00000000ed200000,0x00000000ed200000)
  from space 111616K, 14% used [0x00000000ed200000,0x00000000ee19faa8,0x00000000f3f00000)
  to   space 113152K, 0% used [0x00000000f7180000,0x00000000f7180000,0x00000000fe000000)
 ParOldGen       total 618496K, used 418954K [0x0000000080000000, 0x00000000a5c00000, 0x00000000d5580000)
  object space 618496K, 67% used [0x0000000080000000,0x0000000099922b68,0x00000000a5c00000)
 Metaspace       used 6628K, capacity 7280K, committed 7552K, reserved 1056768K
  class space    used 600K, capacity 616K, committed 640K, reserved 1048576K
Event: 36.826 GC heap after
Heap after GC invocations=23 (full 5):
 PSYoungGen      total 539648K, used 74548K [0x00000000d5580000, 0x00000000fdd80000, 0x0000000100000000)
  eden space 429056K, 0% used [0x00000000d5580000,0x00000000d5580000,0x00000000ef880000)
  from space 110592K, 67% used [0x00000000f7180000,0x00000000fba4d0b0,0x00000000fdd80000)
  to   space 117248K, 0% used [0x00000000ef880000,0x00000000ef880000,0x00000000f6b00000)
 ParOldGen       total 618496K, used 418962K [0x0000000080000000, 0x00000000a5c00000, 0x00000000d5580000)
  object space 618496K, 67% used [0x0000000080000000,0x0000000099924b68,0x00000000a5c00000)
 Metaspace       used 6628K, capacity 7280K, committed 7552K, reserved 1056768K
  class space    used 600K, capacity 616K, committed 640K, reserved 1048576K
}
Event: 38.860 GC heap before
{Heap before GC invocations=24 (full 5):
 PSYoungGen      total 539648K, used 503604K [0x00000000d5580000, 0x00000000fdd80000, 0x0000000100000000)
  eden space 429056K, 100% used [0x00000000d5580000,0x00000000ef880000,0x00000000ef880000)
  from space 110592K, 67% used [0x00000000f7180000,0x00000000fba4d0b0,0x00000000fdd80000)
  to   space 117248K, 0% used [0x00000000ef880000,0x00000000ef880000,0x00000000f6b00000)
 ParOldGen       total 618496K, used 418962K [0x0000000080000000, 0x00000000a5c00000, 0x00000000d5580000)
  object space 618496K, 67% used [0x0000000080000000,0x0000000099924b68,0x00000000a5c00000)
 Metaspace       used 6628K, capacity 7280K, committed 7552K, reserved 1056768K
  class space    used 600K, capacity 616K, committed 640K, reserved 1048576K
Event: 39.125 GC heap after
Heap after GC invocations=24 (full 5):
 PSYoungGen      total 546304K, used 117216K [0x00000000d5580000, 0x0000000100000000, 0x0000000100000000)
  eden space 429056K, 0% used [0x00000000d5580000,0x00000000d5580000,0x00000000ef880000)
  from space 117248K, 99% used [0x00000000ef880000,0x00000000f6af8230,0x00000000f6b00000)
  to   space 145920K, 0% used [0x00000000f7180000,0x00000000f7180000,0x0000000100000000)
 ParOldGen       total 618496K, used 445241K [0x0000000080000000, 0x00000000a5c00000, 0x00000000d5580000)
  object space 618496K, 71% used [0x0000000080000000,0x000000009b2ce6b0,0x00000000a5c00000)
 Metaspace       used 6628K, capacity 7280K, committed 7552K, reserved 1056768K
  class space    used 600K, capacity 616K, committed 640K, reserved 1048576K
}
Event: 40.904 GC heap before
{Heap before GC invocations=25 (full 5):
 PSYoungGen      total 546304K, used 546272K [0x00000000d5580000, 0x0000000100000000, 0x0000000100000000)
  eden space 429056K, 100% used [0x00000000d5580000,0x00000000ef880000,0x00000000ef880000)
  from space 117248K, 99% used [0x00000000ef880000,0x00000000f6af8230,0x00000000f6b00000)
  to   space 145920K, 0% used [0x00000000f7180000,0x00000000f7180000,0x0000000100000000)
 ParOldGen       total 618496K, used 445241K [0x0000000080000000, 0x00000000a5c00000, 0x00000000d5580000)
  object space 618496K, 71% used [0x0000000080000000,0x000000009b2ce6b0,0x00000000a5c00000)
 Metaspace       used 6628K, capacity 7280K, committed 7552K, reserved 1056768K
  class space    used 600K, capacity 616K, committed 640K, reserved 1048576K
Event: 41.304 GC heap after
Heap after GC invocations=25 (full 5):
 PSYoungGen      total 393216K, used 145907K [0x00000000d5580000, 0x0000000100000000, 0x0000000100000000)
  eden space 247296K, 0% used [0x00000000d5580000,0x00000000d5580000,0x00000000e4700000)
  from space 145920K, 99% used [0x00000000f7180000,0x00000000ffffccc8,0x0000000100000000)
  to   space 225792K, 0% used [0x00000000e4700000,0x00000000e4700000,0x00000000f2380000)
 ParOldGen       total 618496K, used 595895K [0x0000000080000000, 0x00000000a5c00000, 0x00000000d5580000)
  object space 618496K, 96% used [0x0000000080000000,0x00000000a45edcc0,0x00000000a5c00000)
 Metaspace       used 6628K, capacity 7280K, committed 7552K, reserved 1056768K
  class space    used 600K, capacity 616K, committed 640K, reserved 1048576K
}
Event: 41.304 GC heap before
{Heap before GC invocations=26 (full 6):
 PSYoungGen      total 393216K, used 145907K [0x00000000d5580000, 0x0000000100000000, 0x0000000100000000)
  eden space 247296K, 0% used [0x00000000d5580000,0x00000000d5580000,0x00000000e4700000)
  from space 145920K, 99% used [0x00000000f7180000,0x00000000ffffccc8,0x0000000100000000)
  to   space 225792K, 0% used [0x00000000e4700000,0x00000000e4700000,0x00000000f2380000)
 ParOldGen       total 618496K, used 595895K [0x0000000080000000, 0x00000000a5c00000, 0x00000000d5580000)
  object space 618496K, 96% used [0x0000000080000000,0x00000000a45edcc0,0x00000000a5c00000)
 Metaspace       used 6628K, capacity 7280K, committed 7552K, reserved 1056768K
  class space    used 600K, capacity 616K, committed 640K, reserved 1048576K

