# JRE version: OpenJDK Runtime Environment (8.0_76-b03) (build 1.8.0_76-release-b03)
# Java VM: OpenJDK 64-Bit Server VM (25.76-b03 mixed mode windows-amd64 compressed oops)
Heap:
 PSYoungGen      total 465920K, used 36761K [0x00000000d5580000, 0x0000000100000000, 0x0000000100000000)
  eden space 232960K, 0% used [0x00000000d5580000,0x00000000d5580000,0x00000000e3900000)
  from space 232960K, 15% used [0x00000000f1c80000,0x00000000f4066540,0x0000000100000000)
  to   space 232960K, 0% used [0x00000000e3900000,0x00000000e3900000,0x00000000f1c80000)
 ParOldGen       total 1071616K, used 965945K [0x0000000080000000, 0x00000000c1680000, 0x00000000d5580000)
  object space 1071616K, 90% used [0x0000000080000000,0x00000000baf4e7e0,0x00000000c1680000)
 Metaspace       used 6625K, capacity 7280K, committed 7552K, reserved 1056768K
  class space    used 601K, capacity 616K, committed 640K, reserved 1048576K
GC Heap History (10 events):
Event: 42.410 GC heap after
Heap after GC invocations=33 (full 7):
 PSYoungGen      total 465920K, used 83757K [0x00000000d5580000, 0x0000000100000000, 0x0000000100000000)
  eden space 232960K, 0% used [0x00000000d5580000,0x00000000d5580000,0x00000000e3900000)
  from space 232960K, 35% used [0x00000000f1c80000,0x00000000f6e4b7d0,0x0000000100000000)
  to   space 232960K, 0% used [0x00000000e3900000,0x00000000e3900000,0x00000000f1c80000)
 ParOldGen       total 1071616K, used 839966K [0x0000000080000000, 0x00000000c1680000, 0x00000000d5580000)
  object space 1071616K, 78% used [0x0000000080000000,0x00000000b34479d8,0x00000000c1680000)
 Metaspace       used 6622K, capacity 7280K, committed 7552K, reserved 1056768K
  class space    used 600K, capacity 616K, committed 640K, reserved 1048576K
}
Event: 42.971 GC heap before
{Heap before GC invocations=34 (full 7):
 PSYoungGen      total 465920K, used 316717K [0x00000000d5580000, 0x0000000100000000, 0x0000000100000000)
  eden space 232960K, 100% used [0x00000000d5580000,0x00000000e3900000,0x00000000e3900000)
  from space 232960K, 35% used [0x00000000f1c80000,0x00000000f6e4b7d0,0x0000000100000000)
  to   space 232960K, 0% used [0x00000000e3900000,0x00000000e3900000,0x00000000f1c80000)
 ParOldGen       total 1071616K, used 839966K [0x0000000080000000, 0x00000000c1680000, 0x00000000d5580000)
  object space 1071616K, 78% used [0x0000000080000000,0x00000000b34479d8,0x00000000c1680000)
 Metaspace       used 6622K, capacity 7280K, committed 7552K, reserved 1056768K
  class space    used 600K, capacity 616K, committed 640K, reserved 1048576K
Event: 43.052 GC heap after
Heap after GC invocations=34 (full 7):
 PSYoungGen      total 465920K, used 50384K [0x00000000d5580000, 0x0000000100000000, 0x0000000100000000)
  eden space 232960K, 0% used [0x00000000d5580000,0x00000000d5580000,0x00000000e3900000)
  from space 232960K, 21% used [0x00000000e3900000,0x00000000e6a34270,0x00000000f1c80000)
  to   space 232960K, 0% used [0x00000000f1c80000,0x00000000f1c80000,0x0000000100000000)
 ParOldGen       total 1071616K, used 843857K [0x0000000080000000, 0x00000000c1680000, 0x00000000d5580000)
  object space 1071616K, 78% used [0x0000000080000000,0x00000000b3814660,0x00000000c1680000)
 Metaspace       used 6622K, capacity 7280K, committed 7552K, reserved 1056768K
  class space    used 600K, capacity 616K, committed 640K, reserved 1048576K
}
Event: 43.700 GC heap before
{Heap before GC invocations=35 (full 7):
 PSYoungGen      total 465920K, used 283344K [0x00000000d5580000, 0x0000000100000000, 0x0000000100000000)
  eden space 232960K, 100% used [0x00000000d5580000,0x00000000e3900000,0x00000000e3900000)
  from space 232960K, 21% used [0x00000000e3900000,0x00000000e6a34270,0x00000000f1c80000)
  to   space 232960K, 0% used [0x00000000f1c80000,0x00000000f1c80000,0x0000000100000000)
 ParOldGen       total 1071616K, used 843857K [0x0000000080000000, 0x00000000c1680000, 0x00000000d5580000)
  object space 1071616K, 78% used [0x0000000080000000,0x00000000b3814660,0x00000000c1680000)
 Metaspace       used 6623K, capacity 7280K, committed 7552K, reserved 1056768K
  class space    used 600K, capacity 616K, committed 640K, reserved 1048576K
Event: 43.847 GC heap after
Heap after GC invocations=35 (full 7):
 PSYoungGen      total 465920K, used 38166K [0x00000000d5580000, 0x0000000100000000, 0x0000000100000000)
  eden space 232960K, 0% used [0x00000000d5580000,0x00000000d5580000,0x00000000e3900000)
  from space 232960K, 16% used [0x00000000f1c80000,0x00000000f41c5850,0x0000000100000000)
  to   space 232960K, 0% used [0x00000000e3900000,0x00000000e3900000,0x00000000f1c80000)
 ParOldGen       total 1071616K, used 893510K [0x0000000080000000, 0x00000000c1680000, 0x00000000d5580000)
  object space 1071616K, 83% used [0x0000000080000000,0x00000000b6891a70,0x00000000c1680000)
 Metaspace       used 6623K, capacity 7280K, committed 7552K, reserved 1056768K
  class space    used 600K, capacity 616K, committed 640K, reserved 1048576K
}
Event: 44.768 GC heap before
{Heap before GC invocations=36 (full 7):
 PSYoungGen      total 465920K, used 271126K [0x00000000d5580000, 0x0000000100000000, 0x0000000100000000)
  eden space 232960K, 100% used [0x00000000d5580000,0x00000000e3900000,0x00000000e3900000)
  from space 232960K, 16% used [0x00000000f1c80000,0x00000000f41c5850,0x0000000100000000)
  to   space 232960K, 0% used [0x00000000e3900000,0x00000000e3900000,0x00000000f1c80000)
 ParOldGen       total 1071616K, used 893510K [0x0000000080000000, 0x00000000c1680000, 0x00000000d5580000)
  object space 1071616K, 83% used [0x0000000080000000,0x00000000b6891a70,0x00000000c1680000)
 Metaspace       used 6623K, capacity 7280K, committed 7552K, reserved 1056768K
  class space    used 600K, capacity 616K, committed 640K, reserved 1048576K
Event: 44.997 GC heap after
Heap after GC invocations=36 (full 7):
 PSYoungGen      total 465920K, used 37176K [0x00000000d5580000, 0x0000000100000000, 0x0000000100000000)
  eden space 232960K, 0% used [0x00000000d5580000,0x00000000d5580000,0x00000000e3900000)
  from space 232960K, 15% used [0x00000000e3900000,0x00000000e5d4e0b0,0x00000000f1c80000)
  to   space 232960K, 0% used [0x00000000f1c80000,0x00000000f1c80000,0x0000000100000000)
 ParOldGen       total 1071616K, used 930092K [0x0000000080000000, 0x00000000c1680000, 0x00000000d5580000)
  object space 1071616K, 86% used [0x0000000080000000,0x00000000b8c4b2d8,0x00000000c1680000)
 Metaspace       used 6623K, capacity 7280K, committed 7552K, reserved 1056768K
  class space    used 600K, capacity 616K, committed 640K, reserved 1048576K
}
Event: 45.888 GC heap before
{Heap before GC invocations=37 (full 7):
 PSYoungGen      total 465920K, used 270136K [0x00000000d5580000, 0x0000000100000000, 0x0000000100000000)
  eden space 232960K, 100% used [0x00000000d5580000,0x00000000e3900000,0x00000000e3900000)
  from space 232960K, 15% used [0x00000000e3900000,0x00000000e5d4e0b0,0x00000000f1c80000)
  to   space 232960K, 0% used [0x00000000f1c80000,0x00000000f1c80000,0x0000000100000000)
 ParOldGen       total 1071616K, used 930092K [0x0000000080000000, 0x00000000c1680000, 0x00000000d5580000)
  object space 1071616K, 86% used [0x0000000080000000,0x00000000b8c4b2d8,0x00000000c1680000)
 Metaspace       used 6625K, capacity 7280K, committed 7552K, reserved 1056768K
  class space    used 601K, capacity 616K, committed 640K, reserved 1048576K
Event: 46.037 GC heap after
Heap after GC invocations=37 (full 7):
 PSYoungGen      total 465920K, used 36761K [0x00000000d5580000, 0x0000000100000000, 0x0000000100000000)
  eden space 232960K, 0% used [0x00000000d5580000,0x00000000d5580000,0x00000000e3900000)
  from space 232960K, 15% used [0x00000000f1c80000,0x00000000f4066540,0x0000000100000000)
  to   space 232960K, 0% used [0x00000000e3900000,0x00000000e3900000,0x00000000f1c80000)
 ParOldGen       total 1071616K, used 965945K [0x0000000080000000, 0x00000000c1680000, 0x00000000d5580000)
  object space 1071616K, 90% used [0x0000000080000000,0x00000000baf4e7e0,0x00000000c1680000)
 Metaspace       used 6625K, capacity 7280K, committed 7552K, reserved 1056768K
  class space    used 601K, capacity 616K, committed 640K, reserved 1048576K
}
Event: 46.038 GC heap before
{Heap before GC invocations=38 (full 8):
 PSYoungGen      total 465920K, used 36761K [0x00000000d5580000, 0x0000000100000000, 0x0000000100000000)
  eden space 232960K, 0% used [0x00000000d5580000,0x00000000d5580000,0x00000000e3900000)
  from space 232960K, 15% used [0x00000000f1c80000,0x00000000f4066540,0x0000000100000000)
  to   space 232960K, 0% used [0x00000000e3900000,0x00000000e3900000,0x00000000f1c80000)
 ParOldGen       total 1071616K, used 965945K [0x0000000080000000, 0x00000000c1680000, 0x00000000d5580000)
  object space 1071616K, 90% used [0x0000000080000000,0x00000000baf4e7e0,0x00000000c1680000)
 Metaspace       used 6625K, capacity 7280K, committed 7552K, reserved 1056768K
  class space    used 601K, capacity 616K, committed 640K, reserved 1048576K

