# JRE version: OpenJDK Runtime Environment (8.0_76-b03) (build 1.8.0_76-release-b03)
# Java VM: OpenJDK 64-Bit Server VM (25.76-b03 mixed mode windows-amd64 compressed oops)
Heap:
 PSYoungGen      total 236544K, used 20349K [0x00000000eab00000, 0x00000000ffc00000, 0x0000000100000000)
  eden space 131072K, 0% used [0x00000000eab00000,0x00000000eab00000,0x00000000f2b00000)
  from space 105472K, 19% used [0x00000000f9500000,0x00000000fa8df720,0x00000000ffc00000)
  to   space 107008K, 0% used [0x00000000f2b00000,0x00000000f2b00000,0x00000000f9380000)
 ParOldGen       total 551936K, used 528821K [0x00000000c0000000, 0x00000000e1b00000, 0x00000000eab00000)
  object space 551936K, 95% used [0x00000000c0000000,0x00000000e046d4d0,0x00000000e1b00000)
 Metaspace       used 6618K, capacity 7282K, committed 7552K, reserved 1056768K
  class space    used 601K, capacity 618K, committed 640K, reserved 1048576K
GC Heap History (10 events):
Event: 31.644 GC heap after
Heap after GC invocations=31 (full 5):
 PSYoungGen      total 225280K, used 80753K [0x00000000eab00000, 0x0000000100000000, 0x0000000100000000)
  eden space 116736K, 0% used [0x00000000eab00000,0x00000000eab00000,0x00000000f1d00000)
  from space 108544K, 74% used [0x00000000f8d00000,0x00000000fdbdc5f0,0x00000000ff700000)
  to   space 114688K, 0% used [0x00000000f1d00000,0x00000000f1d00000,0x00000000f8d00000)
 ParOldGen       total 551936K, used 401394K [0x00000000c0000000, 0x00000000e1b00000, 0x00000000eab00000)
  object space 551936K, 72% used [0x00000000c0000000,0x00000000d87fc840,0x00000000e1b00000)
 Metaspace       used 6618K, capacity 7282K, committed 7552K, reserved 1056768K
  class space    used 601K, capacity 618K, committed 640K, reserved 1048576K
}
Event: 31.936 GC heap before
{Heap before GC invocations=32 (full 5):
 PSYoungGen      total 225280K, used 197489K [0x00000000eab00000, 0x0000000100000000, 0x0000000100000000)
  eden space 116736K, 100% used [0x00000000eab00000,0x00000000f1d00000,0x00000000f1d00000)
  from space 108544K, 74% used [0x00000000f8d00000,0x00000000fdbdc5f0,0x00000000ff700000)
  to   space 114688K, 0% used [0x00000000f1d00000,0x00000000f1d00000,0x00000000f8d00000)
 ParOldGen       total 551936K, used 401394K [0x00000000c0000000, 0x00000000e1b00000, 0x00000000eab00000)
  object space 551936K, 72% used [0x00000000c0000000,0x00000000d87fc840,0x00000000e1b00000)
 Metaspace       used 6618K, capacity 7282K, committed 7552K, reserved 1056768K
  class space    used 601K, capacity 618K, committed 640K, reserved 1048576K
Event: 32.068 GC heap after
Heap after GC invocations=32 (full 5):
 PSYoungGen      total 231424K, used 72513K [0x00000000eab00000, 0x0000000100000000, 0x0000000100000000)
  eden space 116736K, 0% used [0x00000000eab00000,0x00000000eab00000,0x00000000f1d00000)
  from space 114688K, 63% used [0x00000000f1d00000,0x00000000f63d0588,0x00000000f8d00000)
  to   space 116224K, 0% used [0x00000000f8e80000,0x00000000f8e80000,0x0000000100000000)
 ParOldGen       total 551936K, used 419790K [0x00000000c0000000, 0x00000000e1b00000, 0x00000000eab00000)
  object space 551936K, 76% used [0x00000000c0000000,0x00000000d99f3b38,0x00000000e1b00000)
 Metaspace       used 6618K, capacity 7282K, committed 7552K, reserved 1056768K
  class space    used 601K, capacity 618K, committed 640K, reserved 1048576K
}
Event: 32.270 GC heap before
{Heap before GC invocations=33 (full 5):
 PSYoungGen      total 231424K, used 189249K [0x00000000eab00000, 0x0000000100000000, 0x0000000100000000)
  eden space 116736K, 100% used [0x00000000eab00000,0x00000000f1d00000,0x00000000f1d00000)
  from space 114688K, 63% used [0x00000000f1d00000,0x00000000f63d0588,0x00000000f8d00000)
  to   space 116224K, 0% used [0x00000000f8e80000,0x00000000f8e80000,0x0000000100000000)
 ParOldGen       total 551936K, used 419790K [0x00000000c0000000, 0x00000000e1b00000, 0x00000000eab00000)
  object space 551936K, 76% used [0x00000000c0000000,0x00000000d99f3b38,0x00000000e1b00000)
 Metaspace       used 6618K, capacity 7282K, committed 7552K, reserved 1056768K
  class space    used 601K, capacity 618K, committed 640K, reserved 1048576K
Event: 32.382 GC heap after
Heap after GC invocations=33 (full 5):
 PSYoungGen      total 224768K, used 54249K [0x00000000eab00000, 0x00000000ff680000, 0x0000000100000000)
  eden space 118272K, 0% used [0x00000000eab00000,0x00000000eab00000,0x00000000f1e80000)
  from space 106496K, 50% used [0x00000000f8e80000,0x00000000fc37a5c0,0x00000000ff680000)
  to   space 110592K, 0% used [0x00000000f1e80000,0x00000000f1e80000,0x00000000f8a80000)
 ParOldGen       total 551936K, used 458351K [0x00000000c0000000, 0x00000000e1b00000, 0x00000000eab00000)
  object space 551936K, 83% used [0x00000000c0000000,0x00000000dbf9bc38,0x00000000e1b00000)
 Metaspace       used 6618K, capacity 7282K, committed 7552K, reserved 1056768K
  class space    used 601K, capacity 618K, committed 640K, reserved 1048576K
}
Event: 32.609 GC heap before
{Heap before GC invocations=34 (full 5):
 PSYoungGen      total 224768K, used 172521K [0x00000000eab00000, 0x00000000ff680000, 0x0000000100000000)
  eden space 118272K, 100% used [0x00000000eab00000,0x00000000f1e80000,0x00000000f1e80000)
  from space 106496K, 50% used [0x00000000f8e80000,0x00000000fc37a5c0,0x00000000ff680000)
  to   space 110592K, 0% used [0x00000000f1e80000,0x00000000f1e80000,0x00000000f8a80000)
 ParOldGen       total 551936K, used 458351K [0x00000000c0000000, 0x00000000e1b00000, 0x00000000eab00000)
  object space 551936K, 83% used [0x00000000c0000000,0x00000000dbf9bc38,0x00000000e1b00000)
 Metaspace       used 6618K, capacity 7282K, committed 7552K, reserved 1056768K
  class space    used 601K, capacity 618K, committed 640K, reserved 1048576K
Event: 32.703 GC heap after
Heap after GC invocations=34 (full 5):
 PSYoungGen      total 228864K, used 37456K [0x00000000eab00000, 0x00000000ffe00000, 0x0000000100000000)
  eden space 118272K, 0% used [0x00000000eab00000,0x00000000eab00000,0x00000000f1e80000)
  from space 110592K, 33% used [0x00000000f1e80000,0x00000000f43140f8,0x00000000f8a80000)
  to   space 107520K, 0% used [0x00000000f9500000,0x00000000f9500000,0x00000000ffe00000)
 ParOldGen       total 551936K, used 492208K [0x00000000c0000000, 0x00000000e1b00000, 0x00000000eab00000)
  object space 551936K, 89% used [0x00000000c0000000,0x00000000de0ac390,0x00000000e1b00000)
 Metaspace       used 6618K, capacity 7282K, committed 7552K, reserved 1056768K
  class space    used 601K, capacity 618K, committed 640K, reserved 1048576K
}
Event: 32.925 GC heap before
{Heap before GC invocations=35 (full 5):
 PSYoungGen      total 228864K, used 155728K [0x00000000eab00000, 0x00000000ffe00000, 0x0000000100000000)
  eden space 118272K, 100% used [0x00000000eab00000,0x00000000f1e80000,0x00000000f1e80000)
  from space 110592K, 33% used [0x00000000f1e80000,0x00000000f43140f8,0x00000000f8a80000)
  to   space 107520K, 0% used [0x00000000f9500000,0x00000000f9500000,0x00000000ffe00000)
 ParOldGen       total 551936K, used 492208K [0x00000000c0000000, 0x00000000e1b00000, 0x00000000eab00000)
  object space 551936K, 89% used [0x00000000c0000000,0x00000000de0ac390,0x00000000e1b00000)
 Metaspace       used 6618K, capacity 7282K, committed 7552K, reserved 1056768K
  class space    used 601K, capacity 618K, committed 640K, reserved 1048576K
Event: 33.005 GC heap after
Heap after GC invocations=35 (full 5):
 PSYoungGen      total 236544K, used 20349K [0x00000000eab00000, 0x00000000ffc00000, 0x0000000100000000)
  eden space 131072K, 0% used [0x00000000eab00000,0x00000000eab00000,0x00000000f2b00000)
  from space 105472K, 19% used [0x00000000f9500000,0x00000000fa8df720,0x00000000ffc00000)
  to   space 107008K, 0% used [0x00000000f2b00000,0x00000000f2b00000,0x00000000f9380000)
 ParOldGen       total 551936K, used 528821K [0x00000000c0000000, 0x00000000e1b00000, 0x00000000eab00000)
  object space 551936K, 95% used [0x00000000c0000000,0x00000000e046d4d0,0x00000000e1b00000)
 Metaspace       used 6618K, capacity 7282K, committed 7552K, reserved 1056768K
  class space    used 601K, capacity 618K, committed 640K, reserved 1048576K
}
Event: 33.005 GC heap before
{Heap before GC invocations=36 (full 6):
 PSYoungGen      total 236544K, used 20349K [0x00000000eab00000, 0x00000000ffc00000, 0x0000000100000000)
  eden space 131072K, 0% used [0x00000000eab00000,0x00000000eab00000,0x00000000f2b00000)
  from space 105472K, 19% used [0x00000000f9500000,0x00000000fa8df720,0x00000000ffc00000)
  to   space 107008K, 0% used [0x00000000f2b00000,0x00000000f2b00000,0x00000000f9380000)
 ParOldGen       total 551936K, used 528821K [0x00000000c0000000, 0x00000000e1b00000, 0x00000000eab00000)
  object space 551936K, 95% used [0x00000000c0000000,0x00000000e046d4d0,0x00000000e1b00000)
 Metaspace       used 6618K, capacity 7282K, committed 7552K, reserved 1056768K
  class space    used 601K, capacity 618K, committed 640K, reserved 1048576K

