# JRE version: OpenJDK Runtime Environment (8.0_76-b03) (build 1.8.0_76-release-b03)
# Java VM: OpenJDK 64-Bit Server VM (25.76-b03 mixed mode windows-amd64 compressed oops)
Heap:
 PSYoungGen      total 254976K, used 226847K [0x00000000eab00000, 0x0000000100000000, 0x0000000100000000)
  eden space 187392K, 100% used [0x00000000eab00000,0x00000000f6200000,0x00000000f6200000)
  from space 67584K, 58% used [0x00000000fbe00000,0x00000000fe487e70,0x0000000100000000)
  to   space 80896K, 83% used [0x00000000f6200000,0x00000000fa3c3980,0x00000000fb100000)
 ParOldGen       total 250880K, used 191012K [0x00000000c0000000, 0x00000000cf500000, 0x00000000eab00000)
  object space 250880K, 76% used [0x00000000c0000000,0x00000000cba89040,0x00000000cf500000)
 Metaspace       used 6624K, capacity 7284K, committed 7552K, reserved 1056768K
  class space    used 601K, capacity 620K, committed 640K, reserved 1048576K
GC Heap History (10 events):
Event: 8.647 GC heap after
Heap after GC invocations=13 (full 2):
 PSYoungGen      total 264704K, used 34150K [0x00000000eab00000, 0x0000000100000000, 0x0000000100000000)
  eden space 230400K, 0% used [0x00000000eab00000,0x00000000eab00000,0x00000000f8c00000)
  from space 34304K, 99% used [0x00000000f8c00000,0x00000000fad59890,0x00000000fad80000)
  to   space 60416K, 0% used [0x00000000fc500000,0x00000000fc500000,0x0000000100000000)
 ParOldGen       total 155648K, used 122082K [0x00000000c0000000, 0x00000000c9800000, 0x00000000eab00000)
  object space 155648K, 78% used [0x00000000c0000000,0x00000000c7738828,0x00000000c9800000)
 Metaspace       used 6598K, capacity 7284K, committed 7552K, reserved 1056768K
  class space    used 600K, capacity 620K, committed 640K, reserved 1048576K
}
Event: 9.131 GC heap before
{Heap before GC invocations=14 (full 2):
 PSYoungGen      total 264704K, used 264550K [0x00000000eab00000, 0x0000000100000000, 0x0000000100000000)
  eden space 230400K, 100% used [0x00000000eab00000,0x00000000f8c00000,0x00000000f8c00000)
  from space 34304K, 99% used [0x00000000f8c00000,0x00000000fad59890,0x00000000fad80000)
  to   space 60416K, 0% used [0x00000000fc500000,0x00000000fc500000,0x0000000100000000)
 ParOldGen       total 155648K, used 122082K [0x00000000c0000000, 0x00000000c9800000, 0x00000000eab00000)
  object space 155648K, 78% used [0x00000000c0000000,0x00000000c7738828,0x00000000c9800000)
 Metaspace       used 6604K, capacity 7284K, committed 7552K, reserved 1056768K
  class space    used 600K, capacity 620K, committed 640K, reserved 1048576K
Event: 9.274 GC heap after
Heap after GC invocations=14 (full 2):
 PSYoungGen      total 274432K, used 50401K [0x00000000eab00000, 0x0000000100000000, 0x0000000100000000)
  eden space 214016K, 0% used [0x00000000eab00000,0x00000000eab00000,0x00000000f7c00000)
  from space 60416K, 83% used [0x00000000fc500000,0x00000000ff638780,0x0000000100000000)
  to   space 67584K, 0% used [0x00000000f7c00000,0x00000000f7c00000,0x00000000fbe00000)
 ParOldGen       total 155648K, used 122082K [0x00000000c0000000, 0x00000000c9800000, 0x00000000eab00000)
  object space 155648K, 78% used [0x00000000c0000000,0x00000000c7738828,0x00000000c9800000)
 Metaspace       used 6604K, capacity 7284K, committed 7552K, reserved 1056768K
  class space    used 600K, capacity 620K, committed 640K, reserved 1048576K
}
Event: 10.124 GC heap before
{Heap before GC invocations=15 (full 2):
 PSYoungGen      total 274432K, used 264417K [0x00000000eab00000, 0x0000000100000000, 0x0000000100000000)
  eden space 214016K, 100% used [0x00000000eab00000,0x00000000f7c00000,0x00000000f7c00000)
  from space 60416K, 83% used [0x00000000fc500000,0x00000000ff638780,0x0000000100000000)
  to   space 67584K, 0% used [0x00000000f7c00000,0x00000000f7c00000,0x00000000fbe00000)
 ParOldGen       total 155648K, used 122082K [0x00000000c0000000, 0x00000000c9800000, 0x00000000eab00000)
  object space 155648K, 78% used [0x00000000c0000000,0x00000000c7738828,0x00000000c9800000)
 Metaspace       used 6607K, capacity 7284K, committed 7552K, reserved 1056768K
  class space    used 600K, capacity 620K, committed 640K, reserved 1048576K
Event: 10.265 GC heap after
Heap after GC invocations=15 (full 2):
 PSYoungGen      total 281600K, used 67567K [0x00000000eab00000, 0x0000000100000000, 0x0000000100000000)
  eden space 214016K, 0% used [0x00000000eab00000,0x00000000eab00000,0x00000000f7c00000)
  from space 67584K, 99% used [0x00000000f7c00000,0x00000000fbdfbdf0,0x00000000fbe00000)
  to   space 67584K, 0% used [0x00000000fbe00000,0x00000000fbe00000,0x0000000100000000)
 ParOldGen       total 155648K, used 132245K [0x00000000c0000000, 0x00000000c9800000, 0x00000000eab00000)
  object space 155648K, 84% used [0x00000000c0000000,0x00000000c8125750,0x00000000c9800000)
 Metaspace       used 6607K, capacity 7284K, committed 7552K, reserved 1056768K
  class space    used 600K, capacity 620K, committed 640K, reserved 1048576K
}
Event: 10.265 GC heap before
{Heap before GC invocations=16 (full 3):
 PSYoungGen      total 281600K, used 67567K [0x00000000eab00000, 0x0000000100000000, 0x0000000100000000)
  eden space 214016K, 0% used [0x00000000eab00000,0x00000000eab00000,0x00000000f7c00000)
  from space 67584K, 99% used [0x00000000f7c00000,0x00000000fbdfbdf0,0x00000000fbe00000)
  to   space 67584K, 0% used [0x00000000fbe00000,0x00000000fbe00000,0x0000000100000000)
 ParOldGen       total 155648K, used 132245K [0x00000000c0000000, 0x00000000c9800000, 0x00000000eab00000)
  object space 155648K, 84% used [0x00000000c0000000,0x00000000c8125750,0x00000000c9800000)
 Metaspace       used 6607K, capacity 7284K, committed 7552K, reserved 1056768K
  class space    used 600K, capacity 620K, committed 640K, reserved 1048576K
Event: 11.533 GC heap after
Heap after GC invocations=16 (full 3):
 PSYoungGen      total 281600K, used 40299K [0x00000000eab00000, 0x0000000100000000, 0x0000000100000000)
  eden space 214016K, 0% used [0x00000000eab00000,0x00000000eab00000,0x00000000f7c00000)
  from space 67584K, 59% used [0x00000000f7c00000,0x00000000fa35adc8,0x00000000fbe00000)
  to   space 67584K, 0% used [0x00000000fbe00000,0x00000000fbe00000,0x0000000100000000)
 ParOldGen       total 250880K, used 155244K [0x00000000c0000000, 0x00000000cf500000, 0x00000000eab00000)
  object space 250880K, 61% used [0x00000000c0000000,0x00000000c979b258,0x00000000cf500000)
 Metaspace       used 6607K, capacity 7284K, committed 7552K, reserved 1056768K
  class space    used 600K, capacity 620K, committed 640K, reserved 1048576K
}
Event: 12.774 GC heap before
{Heap before GC invocations=17 (full 3):
 PSYoungGen      total 281600K, used 254315K [0x00000000eab00000, 0x0000000100000000, 0x0000000100000000)
  eden space 214016K, 100% used [0x00000000eab00000,0x00000000f7c00000,0x00000000f7c00000)
  from space 67584K, 59% used [0x00000000f7c00000,0x00000000fa35adc8,0x00000000fbe00000)
  to   space 67584K, 0% used [0x00000000fbe00000,0x00000000fbe00000,0x0000000100000000)
 ParOldGen       total 250880K, used 155244K [0x00000000c0000000, 0x00000000cf500000, 0x00000000eab00000)
  object space 250880K, 61% used [0x00000000c0000000,0x00000000c979b258,0x00000000cf500000)
 Metaspace       used 6619K, capacity 7284K, committed 7552K, reserved 1056768K
  class space    used 601K, capacity 620K, committed 640K, reserved 1048576K
Event: 12.974 GC heap after
Heap after GC invocations=17 (full 3):
 PSYoungGen      total 254976K, used 39455K [0x00000000eab00000, 0x0000000100000000, 0x0000000100000000)
  eden space 187392K, 0% used [0x00000000eab00000,0x00000000eab00000,0x00000000f6200000)
  from space 67584K, 58% used [0x00000000fbe00000,0x00000000fe487e70,0x0000000100000000)
  to   space 80896K, 0% used [0x00000000f6200000,0x00000000f6200000,0x00000000fb100000)
 ParOldGen       total 250880K, used 191012K [0x00000000c0000000, 0x00000000cf500000, 0x00000000eab00000)
  object space 250880K, 76% used [0x00000000c0000000,0x00000000cba89040,0x00000000cf500000)
 Metaspace       used 6619K, capacity 7284K, committed 7552K, reserved 1056768K
  class space    used 601K, capacity 620K, committed 640K, reserved 1048576K
}
Event: 13.726 GC heap before
{Heap before GC invocations=18 (full 3):
 PSYoungGen      total 254976K, used 226847K [0x00000000eab00000, 0x0000000100000000, 0x0000000100000000)
  eden space 187392K, 100% used [0x00000000eab00000,0x00000000f6200000,0x00000000f6200000)
  from space 67584K, 58% used [0x00000000fbe00000,0x00000000fe487e70,0x0000000100000000)
  to   space 80896K, 0% used [0x00000000f6200000,0x00000000f6200000,0x00000000fb100000)
 ParOldGen       total 250880K, used 191012K [0x00000000c0000000, 0x00000000cf500000, 0x00000000eab00000)
  object space 250880K, 76% used [0x00000000c0000000,0x00000000cba89040,0x00000000cf500000)
 Metaspace       used 6624K, capacity 7284K, committed 7552K, reserved 1056768K
  class space    used 601K, capacity 620K, committed 640K, reserved 1048576K

