# JRE version: OpenJDK Runtime Environment (8.0_76-b03) (build 1.8.0_76-release-b03)
# Java VM: OpenJDK 64-Bit Server VM (25.76-b03 mixed mode windows-amd64 compressed oops)
Heap:
 PSYoungGen      total 495104K, used 63363K [0x00000000d5580000, 0x00000000fd500000, 0x0000000100000000)
  eden space 384512K, 0% used [0x00000000d5580000,0x00000000d5580000,0x00000000ecd00000)
  from space 110592K, 57% used [0x00000000ecd00000,0x00000000f0ae0c28,0x00000000f3900000)
  to   space 111616K, 0% used [0x00000000f6800000,0x00000000f6800000,0x00000000fd500000)
 ParOldGen       total 419840K, used 370936K [0x0000000080000000, 0x0000000099a00000, 0x00000000d5580000)
  object space 419840K, 88% used [0x0000000080000000,0x0000000096a3e070,0x0000000099a00000)
 Metaspace       used 6617K, capacity 7280K, committed 7552K, reserved 1056768K
  class space    used 599K, capacity 616K, committed 640K, reserved 1048576K
GC Heap History (10 events):
Event: 18.972 GC heap after
Heap after GC invocations=17 (full 3):
 PSYoungGen      total 420352K, used 72695K [0x00000000d5580000, 0x00000000f6800000, 0x0000000100000000)
  eden space 347648K, 0% used [0x00000000d5580000,0x00000000d5580000,0x00000000ea900000)
  from space 72704K, 99% used [0x00000000eff00000,0x00000000f45fde68,0x00000000f4600000)
  to   space 88064K, 0% used [0x00000000ea900000,0x00000000ea900000,0x00000000eff00000)
 ParOldGen       total 248832K, used 195201K [0x0000000080000000, 0x000000008f300000, 0x00000000d5580000)
  object space 248832K, 78% used [0x0000000080000000,0x000000008bea0508,0x000000008f300000)
 Metaspace       used 6606K, capacity 7280K, committed 7552K, reserved 1056768K
  class space    used 597K, capacity 616K, committed 640K, reserved 1048576K
}
Event: 23.205 GC heap before
{Heap before GC invocations=18 (full 3):
 PSYoungGen      total 420352K, used 420343K [0x00000000d5580000, 0x00000000f6800000, 0x0000000100000000)
  eden space 347648K, 100% used [0x00000000d5580000,0x00000000ea900000,0x00000000ea900000)
  from space 72704K, 99% used [0x00000000eff00000,0x00000000f45fde68,0x00000000f4600000)
  to   space 88064K, 0% used [0x00000000ea900000,0x00000000ea900000,0x00000000eff00000)
 ParOldGen       total 248832K, used 195201K [0x0000000080000000, 0x000000008f300000, 0x00000000d5580000)
  object space 248832K, 78% used [0x0000000080000000,0x000000008bea0508,0x000000008f300000)
 Metaspace       used 6611K, capacity 7280K, committed 7552K, reserved 1056768K
  class space    used 598K, capacity 616K, committed 640K, reserved 1048576K
Event: 23.489 GC heap after
Heap after GC invocations=18 (full 3):
 PSYoungGen      total 435712K, used 55899K [0x00000000d5580000, 0x00000000f9200000, 0x0000000100000000)
  eden space 347648K, 0% used [0x00000000d5580000,0x00000000d5580000,0x00000000ea900000)
  from space 88064K, 63% used [0x00000000ea900000,0x00000000edf96d68,0x00000000eff00000)
  to   space 91136K, 0% used [0x00000000f3900000,0x00000000f3900000,0x00000000f9200000)
 ParOldGen       total 268288K, used 268016K [0x0000000080000000, 0x0000000090600000, 0x00000000d5580000)
  object space 268288K, 99% used [0x0000000080000000,0x00000000905bc2f0,0x0000000090600000)
 Metaspace       used 6611K, capacity 7280K, committed 7552K, reserved 1056768K
  class space    used 598K, capacity 616K, committed 640K, reserved 1048576K
}
Event: 23.489 GC heap before
{Heap before GC invocations=19 (full 4):
 PSYoungGen      total 435712K, used 55899K [0x00000000d5580000, 0x00000000f9200000, 0x0000000100000000)
  eden space 347648K, 0% used [0x00000000d5580000,0x00000000d5580000,0x00000000ea900000)
  from space 88064K, 63% used [0x00000000ea900000,0x00000000edf96d68,0x00000000eff00000)
  to   space 91136K, 0% used [0x00000000f3900000,0x00000000f3900000,0x00000000f9200000)
 ParOldGen       total 268288K, used 268016K [0x0000000080000000, 0x0000000090600000, 0x00000000d5580000)
  object space 268288K, 99% used [0x0000000080000000,0x00000000905bc2f0,0x0000000090600000)
 Metaspace       used 6611K, capacity 7280K, committed 7552K, reserved 1056768K
  class space    used 598K, capacity 616K, committed 640K, reserved 1048576K
Event: 25.575 GC heap after
Heap after GC invocations=19 (full 4):
 PSYoungGen      total 435712K, used 49435K [0x00000000d5580000, 0x00000000f9200000, 0x0000000100000000)
  eden space 347648K, 0% used [0x00000000d5580000,0x00000000d5580000,0x00000000ea900000)
  from space 88064K, 56% used [0x00000000ea900000,0x00000000ed946fb0,0x00000000eff00000)
  to   space 91136K, 0% used [0x00000000f3900000,0x00000000f3900000,0x00000000f9200000)
 ParOldGen       total 419840K, used 268167K [0x0000000080000000, 0x0000000099a00000, 0x00000000d5580000)
  object space 419840K, 63% used [0x0000000080000000,0x00000000905e1ed0,0x0000000099a00000)
 Metaspace       used 6611K, capacity 7280K, committed 7552K, reserved 1056768K
  class space    used 598K, capacity 616K, committed 640K, reserved 1048576K
}
Event: 31.933 GC heap before
{Heap before GC invocations=20 (full 4):
 PSYoungGen      total 435712K, used 397083K [0x00000000d5580000, 0x00000000f9200000, 0x0000000100000000)
  eden space 347648K, 100% used [0x00000000d5580000,0x00000000ea900000,0x00000000ea900000)
  from space 88064K, 56% used [0x00000000ea900000,0x00000000ed946fb0,0x00000000eff00000)
  to   space 91136K, 0% used [0x00000000f3900000,0x00000000f3900000,0x00000000f9200000)
 ParOldGen       total 419840K, used 268167K [0x0000000080000000, 0x0000000099a00000, 0x00000000d5580000)
  object space 419840K, 63% used [0x0000000080000000,0x00000000905e1ed0,0x0000000099a00000)
 Metaspace       used 6614K, capacity 7280K, committed 7552K, reserved 1056768K
  class space    used 599K, capacity 616K, committed 640K, reserved 1048576K
Event: 32.247 GC heap after
Heap after GC invocations=20 (full 4):
 PSYoungGen      total 475648K, used 91135K [0x00000000d5580000, 0x00000000fb380000, 0x0000000100000000)
  eden space 384512K, 0% used [0x00000000d5580000,0x00000000d5580000,0x00000000ecd00000)
  from space 91136K, 99% used [0x00000000f3900000,0x00000000f91fff48,0x00000000f9200000)
  to   space 110592K, 0% used [0x00000000ecd00000,0x00000000ecd00000,0x00000000f3900000)
 ParOldGen       total 419840K, used 279231K [0x0000000080000000, 0x0000000099a00000, 0x00000000d5580000)
  object space 419840K, 66% used [0x0000000080000000,0x00000000910affd8,0x0000000099a00000)
 Metaspace       used 6614K, capacity 7280K, committed 7552K, reserved 1056768K
  class space    used 599K, capacity 616K, committed 640K, reserved 1048576K
}
Event: 33.897 GC heap before
{Heap before GC invocations=21 (full 4):
 PSYoungGen      total 475648K, used 475647K [0x00000000d5580000, 0x00000000fb380000, 0x0000000100000000)
  eden space 384512K, 100% used [0x00000000d5580000,0x00000000ecd00000,0x00000000ecd00000)
  from space 91136K, 99% used [0x00000000f3900000,0x00000000f91fff48,0x00000000f9200000)
  to   space 110592K, 0% used [0x00000000ecd00000,0x00000000ecd00000,0x00000000f3900000)
 ParOldGen       total 419840K, used 279231K [0x0000000080000000, 0x0000000099a00000, 0x00000000d5580000)
  object space 419840K, 66% used [0x0000000080000000,0x00000000910affd8,0x0000000099a00000)
 Metaspace       used 6617K, capacity 7280K, committed 7552K, reserved 1056768K
  class space    used 599K, capacity 616K, committed 640K, reserved 1048576K
Event: 34.231 GC heap after
Heap after GC invocations=21 (full 4):
 PSYoungGen      total 495104K, used 63363K [0x00000000d5580000, 0x00000000fd500000, 0x0000000100000000)
  eden space 384512K, 0% used [0x00000000d5580000,0x00000000d5580000,0x00000000ecd00000)
  from space 110592K, 57% used [0x00000000ecd00000,0x00000000f0ae0c28,0x00000000f3900000)
  to   space 111616K, 0% used [0x00000000f6800000,0x00000000f6800000,0x00000000fd500000)
 ParOldGen       total 419840K, used 370936K [0x0000000080000000, 0x0000000099a00000, 0x00000000d5580000)
  object space 419840K, 88% used [0x0000000080000000,0x0000000096a3e070,0x0000000099a00000)
 Metaspace       used 6617K, capacity 7280K, committed 7552K, reserved 1056768K
  class space    used 599K, capacity 616K, committed 640K, reserved 1048576K
}
Event: 34.231 GC heap before
{Heap before GC invocations=22 (full 5):
 PSYoungGen      total 495104K, used 63363K [0x00000000d5580000, 0x00000000fd500000, 0x0000000100000000)
  eden space 384512K, 0% used [0x00000000d5580000,0x00000000d5580000,0x00000000ecd00000)
  from space 110592K, 57% used [0x00000000ecd00000,0x00000000f0ae0c28,0x00000000f3900000)
  to   space 111616K, 0% used [0x00000000f6800000,0x00000000f6800000,0x00000000fd500000)
 ParOldGen       total 419840K, used 370936K [0x0000000080000000, 0x0000000099a00000, 0x00000000d5580000)
  object space 419840K, 88% used [0x0000000080000000,0x0000000096a3e070,0x0000000099a00000)
 Metaspace       used 6617K, capacity 7280K, committed 7552K, reserved 1056768K
  class space    used 599K, capacity 616K, committed 640K, reserved 1048576K

