# JRE version: OpenJDK Runtime Environment (8.0_76-b03) (build 1.8.0_76-release-b03)
# Java VM: OpenJDK 64-Bit Server VM (25.76-b03 mixed mode windows-amd64 compressed oops)
Heap:
 PSYoungGen      total 541184K, used 541161K [0x00000000d5580000, 0x0000000100000000, 0x0000000100000000)
  eden space 420864K, 100% used [0x00000000d5580000,0x00000000ef080000,0x00000000ef080000)
  from space 120320K, 99% used [0x00000000ef080000,0x00000000f65fa450,0x00000000f6600000)
  to   space 151040K, 99% used [0x00000000f6c80000,0x00000000ffffe338,0x0000000100000000)
 ParOldGen       total 634368K, used 634159K [0x0000000080000000, 0x00000000a6b80000, 0x00000000d5580000)
  object space 634368K, 99% used [0x0000000080000000,0x00000000a6b4be10,0x00000000a6b80000)
 Metaspace       used 6620K, capacity 7280K, committed 7552K, reserved 1056768K
  class space    used 600K, capacity 616K, committed 640K, reserved 1048576K
GC Heap History (10 events):
Event: 39.985 GC heap after
Heap after GC invocations=21 (full 4):
 PSYoungGen      total 506368K, used 65100K [0x00000000d5580000, 0x00000000fdc80000, 0x0000000100000000)
  eden space 391168K, 0% used [0x00000000d5580000,0x00000000d5580000,0x00000000ed380000)
  from space 115200K, 56% used [0x00000000ed380000,0x00000000f13133d0,0x00000000f4400000)
  to   space 116224K, 0% used [0x00000000f6b00000,0x00000000f6b00000,0x00000000fdc80000)
 ParOldGen       total 423936K, used 380745K [0x0000000080000000, 0x0000000099e00000, 0x00000000d5580000)
  object space 423936K, 89% used [0x0000000080000000,0x00000000973d24e0,0x0000000099e00000)
 Metaspace       used 6607K, capacity 7280K, committed 7552K, reserved 1056768K
  class space    used 599K, capacity 616K, committed 640K, reserved 1048576K
}
Event: 39.985 GC heap before
{Heap before GC invocations=22 (full 5):
 PSYoungGen      total 506368K, used 65100K [0x00000000d5580000, 0x00000000fdc80000, 0x0000000100000000)
  eden space 391168K, 0% used [0x00000000d5580000,0x00000000d5580000,0x00000000ed380000)
  from space 115200K, 56% used [0x00000000ed380000,0x00000000f13133d0,0x00000000f4400000)
  to   space 116224K, 0% used [0x00000000f6b00000,0x00000000f6b00000,0x00000000fdc80000)
 ParOldGen       total 423936K, used 380745K [0x0000000080000000, 0x0000000099e00000, 0x00000000d5580000)
  object space 423936K, 89% used [0x0000000080000000,0x00000000973d24e0,0x0000000099e00000)
 Metaspace       used 6607K, capacity 7280K, committed 7552K, reserved 1056768K
  class space    used 599K, capacity 616K, committed 640K, reserved 1048576K
Event: 44.681 GC heap after
Heap after GC invocations=22 (full 5):
 PSYoungGen      total 506368K, used 18252K [0x00000000d5580000, 0x00000000fdc80000, 0x0000000100000000)
  eden space 391168K, 0% used [0x00000000d5580000,0x00000000d5580000,0x00000000ed380000)
  from space 115200K, 15% used [0x00000000ed380000,0x00000000ee553050,0x00000000f4400000)
  to   space 116224K, 0% used [0x00000000f6b00000,0x00000000f6b00000,0x00000000fdc80000)
 ParOldGen       total 627200K, used 423560K [0x0000000080000000, 0x00000000a6480000, 0x00000000d5580000)
  object space 627200K, 67% used [0x0000000080000000,0x0000000099da2248,0x00000000a6480000)
 Metaspace       used 6607K, capacity 7280K, committed 7552K, reserved 1056768K
  class space    used 599K, capacity 616K, committed 640K, reserved 1048576K
}
Event: 50.791 GC heap before
{Heap before GC invocations=23 (full 5):
 PSYoungGen      total 506368K, used 409420K [0x00000000d5580000, 0x00000000fdc80000, 0x0000000100000000)
  eden space 391168K, 100% used [0x00000000d5580000,0x00000000ed380000,0x00000000ed380000)
  from space 115200K, 15% used [0x00000000ed380000,0x00000000ee553050,0x00000000f4400000)
  to   space 116224K, 0% used [0x00000000f6b00000,0x00000000f6b00000,0x00000000fdc80000)
 ParOldGen       total 627200K, used 423560K [0x0000000080000000, 0x00000000a6480000, 0x00000000d5580000)
  object space 627200K, 67% used [0x0000000080000000,0x0000000099da2248,0x00000000a6480000)
 Metaspace       used 6617K, capacity 7280K, committed 7552K, reserved 1056768K
  class space    used 600K, capacity 616K, committed 640K, reserved 1048576K
Event: 51.169 GC heap after
Heap after GC invocations=23 (full 5):
 PSYoungGen      total 536064K, used 75737K [0x00000000d5580000, 0x00000000fdb80000, 0x0000000100000000)
  eden space 420864K, 0% used [0x00000000d5580000,0x00000000d5580000,0x00000000ef080000)
  from space 115200K, 65% used [0x00000000f6b00000,0x00000000fb4f64d8,0x00000000fdb80000)
  to   space 120320K, 0% used [0x00000000ef080000,0x00000000ef080000,0x00000000f6600000)
 ParOldGen       total 627200K, used 423560K [0x0000000080000000, 0x00000000a6480000, 0x00000000d5580000)
  object space 627200K, 67% used [0x0000000080000000,0x0000000099da2248,0x00000000a6480000)
 Metaspace       used 6617K, capacity 7280K, committed 7552K, reserved 1056768K
  class space    used 600K, capacity 616K, committed 640K, reserved 1048576K
}
Event: 52.576 GC heap before
{Heap before GC invocations=24 (full 5):
 PSYoungGen      total 536064K, used 496601K [0x00000000d5580000, 0x00000000fdb80000, 0x0000000100000000)
  eden space 420864K, 100% used [0x00000000d5580000,0x00000000ef080000,0x00000000ef080000)
  from space 115200K, 65% used [0x00000000f6b00000,0x00000000fb4f64d8,0x00000000fdb80000)
  to   space 120320K, 0% used [0x00000000ef080000,0x00000000ef080000,0x00000000f6600000)
 ParOldGen       total 627200K, used 423560K [0x0000000080000000, 0x00000000a6480000, 0x00000000d5580000)
  object space 627200K, 67% used [0x0000000080000000,0x0000000099da2248,0x00000000a6480000)
 Metaspace       used 6620K, capacity 7280K, committed 7552K, reserved 1056768K
  class space    used 600K, capacity 616K, committed 640K, reserved 1048576K
Event: 52.815 GC heap after
Heap after GC invocations=24 (full 5):
 PSYoungGen      total 541184K, used 120297K [0x00000000d5580000, 0x0000000100000000, 0x0000000100000000)
  eden space 420864K, 0% used [0x00000000d5580000,0x00000000d5580000,0x00000000ef080000)
  from space 120320K, 99% used [0x00000000ef080000,0x00000000f65fa450,0x00000000f6600000)
  to   space 151040K, 0% used [0x00000000f6c80000,0x00000000f6c80000,0x0000000100000000)
 ParOldGen       total 627200K, used 453555K [0x0000000080000000, 0x00000000a6480000, 0x00000000d5580000)
  object space 627200K, 72% used [0x0000000080000000,0x000000009baece28,0x00000000a6480000)
 Metaspace       used 6620K, capacity 7280K, committed 7552K, reserved 1056768K
  class space    used 600K, capacity 616K, committed 640K, reserved 1048576K
}
Event: 54.963 GC heap before
{Heap before GC invocations=25 (full 5):
 PSYoungGen      total 541184K, used 541161K [0x00000000d5580000, 0x0000000100000000, 0x0000000100000000)
  eden space 420864K, 100% used [0x00000000d5580000,0x00000000ef080000,0x00000000ef080000)
  from space 120320K, 99% used [0x00000000ef080000,0x00000000f65fa450,0x00000000f6600000)
  to   space 151040K, 0% used [0x00000000f6c80000,0x00000000f6c80000,0x0000000100000000)
 ParOldGen       total 627200K, used 453555K [0x0000000080000000, 0x00000000a6480000, 0x00000000d5580000)
  object space 627200K, 72% used [0x0000000080000000,0x000000009baece28,0x00000000a6480000)
 Metaspace       used 6620K, capacity 7280K, committed 7552K, reserved 1056768K
  class space    used 600K, capacity 616K, committed 640K, reserved 1048576K
Event: 55.526 GC heap after
Heap after GC invocations=25 (full 5):
 PSYoungGen      total 541184K, used 541161K [0x00000000d5580000, 0x0000000100000000, 0x0000000100000000)
  eden space 420864K, 100% used [0x00000000d5580000,0x00000000ef080000,0x00000000ef080000)
  from space 120320K, 99% used [0x00000000ef080000,0x00000000f65fa450,0x00000000f6600000)
  to   space 151040K, 99% used [0x00000000f6c80000,0x00000000ffffe338,0x0000000100000000)
 ParOldGen       total 634368K, used 634159K [0x0000000080000000, 0x00000000a6b80000, 0x00000000d5580000)
  object space 634368K, 99% used [0x0000000080000000,0x00000000a6b4be10,0x00000000a6b80000)
 Metaspace       used 6620K, capacity 7280K, committed 7552K, reserved 1056768K
  class space    used 600K, capacity 616K, committed 640K, reserved 1048576K
}
Event: 55.526 GC heap before
{Heap before GC invocations=26 (full 6):
 PSYoungGen      total 541184K, used 541161K [0x00000000d5580000, 0x0000000100000000, 0x0000000100000000)
  eden space 420864K, 100% used [0x00000000d5580000,0x00000000ef080000,0x00000000ef080000)
  from space 120320K, 99% used [0x00000000ef080000,0x00000000f65fa450,0x00000000f6600000)
  to   space 151040K, 99% used [0x00000000f6c80000,0x00000000ffffe338,0x0000000100000000)
 ParOldGen       total 634368K, used 634159K [0x0000000080000000, 0x00000000a6b80000, 0x00000000d5580000)
  object space 634368K, 99% used [0x0000000080000000,0x00000000a6b4be10,0x00000000a6b80000)
 Metaspace       used 6620K, capacity 7280K, committed 7552K, reserved 1056768K
  class space    used 600K, capacity 616K, committed 640K, reserved 1048576K

